<?xml version="1.0" encoding="UTF-8"?>
<testsuite xmlns:xsi="http://www.w3.org/2001/XMLSchema-instance" xsi:noNamespaceSchemaLocation="https://maven.apache.org/surefire/maven-surefire-plugin/xsd/surefire-test-report-3.0.xsd" version="3.0" name="com.SchoolBack.StudentServiceImpTest" time="1.536" tests="8" errors="0" skipped="0" failures="0">
  <properties>
[...]
</properties>
  <testcase name="updateStudent_ShouldThrowException_WhenStudentCannotBeFound" classname="com.SchoolBack.StudentServiceImpTest" time="1.453">
    <system-out><![CDATA[01:16:41.395 [main] INFO com.SchoolBack.Service.StudentService -- StudentService:update execution started.
01:16:41.398 [main] INFO com.SchoolBack.Service.StudentService -- StudentService:findByID execution started.
01:16:41.403 [main] ERROR com.SchoolBack.Service.StudentService -- Exception occurred while retrieving student from database , Exception message Student not found with id: 1
01:16:41.404 [main] ERROR com.SchoolBack.Service.StudentService -- Exception occurred while persisting student to database , Exception message Exception occurred while fetch a student from database:Student not found with id: 1
]]></system-out>
  </testcase>
  <testcase name="findStudentById_ShouldReturnStudent_WhenStudentIsActive" classname="com.SchoolBack.StudentServiceImpTest" time="0.006">
    <system-out><![CDATA[01:16:41.439 [main] INFO com.SchoolBack.Service.StudentService -- StudentService:findByID execution started.
01:16:41.440 [main] INFO com.SchoolBack.Service.StudentService -- StudentService:findById execution ended.
]]></system-out>
  </testcase>
  <testcase name="saveStudent_ShouldThrowException_WhenStudentCannotBeSaved" classname="com.SchoolBack.StudentServiceImpTest" time="0.013">
    <system-out><![CDATA[01:16:41.450 [main] INFO com.SchoolBack.Service.StudentService -- StudentService:save execution started.
01:16:41.455 [main] ERROR com.SchoolBack.Service.StudentService -- Exception occurred while persisting student to database , Exception message v
]]></system-out>
  </testcase>
  <testcase name="findStudentById_ShouldThrowException_WhenStudentIsInacive" classname="com.SchoolBack.StudentServiceImpTest" time="0.004">
    <system-out><![CDATA[01:16:41.460 [main] INFO com.SchoolBack.Service.StudentService -- StudentService:findByID execution started.
01:16:41.460 [main] WARN com.SchoolBack.Service.StudentService -- Student with id 1 is not active
01:16:41.460 [main] ERROR com.SchoolBack.Service.StudentService -- Exception occurred while retrieving student from database , Exception message Student not active with id: 1
]]></system-out>
  </testcase>
  <testcase name="saveStudent_ShouldReturnStudent_WhenIsSuccessfullySaved" classname="com.SchoolBack.StudentServiceImpTest" time="0.006">
    <system-out><![CDATA[01:16:41.466 [main] INFO com.SchoolBack.Service.StudentService -- StudentService:save execution started.
01:16:41.466 [main] INFO com.SchoolBack.Service.StudentService -- StudentService:createNewStudent execution ended.
]]></system-out>
  </testcase>
  <testcase name="findStudentById_ShouldThroweException_WhenStudentNotFound" classname="com.SchoolBack.StudentServiceImpTest" time="0.004">
    <system-out><![CDATA[01:16:41.471 [main] INFO com.SchoolBack.Service.StudentService -- StudentService:findByID execution started.
01:16:41.472 [main] ERROR com.SchoolBack.Service.StudentService -- Exception occurred while retrieving student from database , Exception message Student not found with id: 2
]]></system-out>
  </testcase>
  <testcase name="updateStudent_ShouldReturnStudent_WhenIsSuccessfullyUpdated" classname="com.SchoolBack.StudentServiceImpTest" time="0.005">
    <system-out><![CDATA[01:16:41.477 [main] INFO com.SchoolBack.Service.StudentService -- StudentService:update execution started.
01:16:41.477 [main] INFO com.SchoolBack.Service.StudentService -- StudentService:findByID execution started.
01:16:41.477 [main] INFO com.SchoolBack.Service.StudentService -- StudentService:findById execution ended.
01:16:41.478 [main] INFO com.SchoolBack.Service.StudentService -- StudentService:updateexecution ended.
]]></system-out>
  </testcase>
  <testcase name="findStudentById_ShouldThrowBusinessException_WhenUnexpectedErrorOccurs" classname="com.SchoolBack.StudentServiceImpTest" time="0.003">
    <system-out><![CDATA[01:16:41.482 [main] INFO com.SchoolBack.Service.StudentService -- StudentService:findByID execution started.
01:16:41.483 [main] ERROR com.SchoolBack.Service.StudentService -- Exception occurred while retrieving student from database , Exception message Database error
]]></system-out>
  </testcase>
</testsuite>