<?xml version="1.0" encoding="UTF-8"?>
<testsuite xmlns:xsi="http://www.w3.org/2001/XMLSchema-instance" xsi:noNamespaceSchemaLocation="https://maven.apache.org/surefire/maven-surefire-plugin/xsd/surefire-test-report-3.0.xsd" version="3.0" name="com.SchoolBack.SchoolBackApplicationTests" time="6.998" tests="1" errors="0" skipped="0" failures="0">
  <properties>
[...]
</properties>
  <testcase name="contextLoads" classname="com.SchoolBack.SchoolBackApplicationTests" time="0.492">
    <system-out><![CDATA[01:16:15.416 [main] INFO org.springframework.test.context.support.AnnotationConfigContextLoaderUtils -- Could not detect default configuration classes for test class [com.SchoolBack.SchoolBackApplicationTests]: SchoolBackApplicationTests does not declare any static, non-private, non-final, nested classes annotated with @Configuration.
01:16:15.518 [main] INFO org.springframework.boot.test.context.SpringBootTestContextBootstrapper -- Found @SpringBootConfiguration com.SchoolBack.SchoolBackApplication for test class com.SchoolBack.SchoolBackApplicationTests
01:16:15.735 [main] INFO org.springframework.boot.devtools.restart.RestartApplicationListener -- Restart disabled due to context in which it is running
  .   ____          _            __ _ _
 /\\ / ___'_ __ _ _(_)_ __  __ _ \ \ \ \
( ( )\___ | '_ | '_| | '_ \/ _` | \ \ \ \
 \\/  ___)| |_)| | | | | || (_| |  ) ) ) )
  '  |____| .__|_| |_|_| |_\__, | / / / /
 =========|_|==============|___/=/_/_/_/

 :: Spring Boot ::                (v3.3.0)

2024-12-04T01:16:16.065-06:00  INFO 3792 --- [           main] c.SchoolBack.SchoolBackApplicationTests  : Starting SchoolBackApplicationTests using Java 17.0.8 with PID 3792 (started by joshi in C:\Users\joshi\OneDrive\Escritorio\School-back\SchoolBack)
2024-12-04T01:16:16.067-06:00  INFO 3792 --- [           main] c.SchoolBack.SchoolBackApplicationTests  : No active profile set, falling back to 1 default profile: "default"
2024-12-04T01:16:17.135-06:00  INFO 3792 --- [           main] .s.d.r.c.RepositoryConfigurationDelegate : Bootstrapping Spring Data JPA repositories in DEFAULT mode.
2024-12-04T01:16:17.222-06:00  INFO 3792 --- [           main] .s.d.r.c.RepositoryConfigurationDelegate : Finished Spring Data repository scanning in 75 ms. Found 7 JPA repository interfaces.
2024-12-04T01:16:17.802-06:00  INFO 3792 --- [           main] o.hibernate.jpa.internal.util.LogHelper  : HHH000204: Processing PersistenceUnitInfo [name: default]
2024-12-04T01:16:17.874-06:00  INFO 3792 --- [           main] org.hibernate.Version                    : HHH000412: Hibernate ORM core version 6.5.2.Final
2024-12-04T01:16:17.915-06:00  INFO 3792 --- [           main] o.h.c.internal.RegionFactoryInitiator    : HHH000026: Second-level cache disabled
2024-12-04T01:16:18.371-06:00  INFO 3792 --- [           main] o.s.o.j.p.SpringPersistenceUnitInfo      : No LoadTimeWeaver setup: ignoring JPA class transformer
2024-12-04T01:16:18.424-06:00  INFO 3792 --- [           main] com.zaxxer.hikari.HikariDataSource       : HikariPool-1 - Starting...
2024-12-04T01:16:18.608-06:00  INFO 3792 --- [           main] com.zaxxer.hikari.pool.HikariPool        : HikariPool-1 - Added connection org.postgresql.jdbc.PgConnection@1c2096c6
2024-12-04T01:16:18.610-06:00  INFO 3792 --- [           main] com.zaxxer.hikari.HikariDataSource       : HikariPool-1 - Start completed.
2024-12-04T01:16:18.661-06:00  WARN 3792 --- [           main] org.hibernate.orm.deprecation            : HHH90000025: PostgreSQLDialect does not need to be specified explicitly using 'hibernate.dialect' (remove the property setting and it will be selected by default)
2024-12-04T01:16:19.800-06:00  INFO 3792 --- [           main] o.h.e.t.j.p.i.JtaPlatformInitiator       : HHH000489: No JTA platform available (set 'hibernate.transaction.jta.platform' to enable JTA platform integration)
2024-12-04T01:16:19.946-06:00  INFO 3792 --- [           main] j.LocalContainerEntityManagerFactoryBean : Initialized JPA EntityManagerFactory for persistence unit 'default'
2024-12-04T01:16:20.381-06:00  INFO 3792 --- [           main] o.s.d.j.r.query.QueryEnhancerFactory     : Hibernate is in classpath; If applicable, HQL parser will be used.
2024-12-04T01:16:20.968-06:00  INFO 3792 --- [           main] eAuthenticationProviderManagerConfigurer : Global AuthenticationManager configured with AuthenticationProvider bean with name authenticationProvider
2024-12-04T01:16:20.969-06:00  WARN 3792 --- [           main] r$InitializeUserDetailsManagerConfigurer : Global AuthenticationManager configured with an AuthenticationProvider bean. UserDetailsService beans will not be used for username/password login. Consider removing the AuthenticationProvider bean. Alternatively, consider using the UserDetailsService in a manually instantiated DaoAuthenticationProvider.
2024-12-04T01:16:21.010-06:00  WARN 3792 --- [           main] JpaBaseConfiguration$JpaWebConfiguration : spring.jpa.open-in-view is enabled by default. Therefore, database queries may be performed during view rendering. Explicitly configure spring.jpa.open-in-view to disable this warning
2024-12-04T01:16:21.362-06:00  INFO 3792 --- [           main] o.s.s.web.DefaultSecurityFilterChain     : Will secure any request with [org.springframework.security.web.session.DisableEncodeUrlFilter@56d9ef05, org.springframework.security.web.context.request.async.WebAsyncManagerIntegrationFilter@7d487147, org.springframework.security.web.context.SecurityContextHolderFilter@5e136445, org.springframework.security.web.header.HeaderWriterFilter@656dc20f, org.springframework.web.filter.CorsFilter@4fa2991, org.springframework.security.web.authentication.logout.LogoutFilter@22a9fa23, com.SchoolBack.Config.JwtAuthenticationFilter@427c2c96, org.springframework.security.web.savedrequest.RequestCacheAwareFilter@4235e01b, org.springframework.security.web.servletapi.SecurityContextHolderAwareRequestFilter@6554f841, org.springframework.security.web.authentication.AnonymousAuthenticationFilter@53b10e9a, org.springframework.security.web.session.SessionManagementFilter@36ba9aa3, org.springframework.security.web.access.ExceptionTranslationFilter@6d821475, org.springframework.security.web.access.intercept.AuthorizationFilter@570f96b7]
2024-12-04T01:16:21.742-06:00  INFO 3792 --- [           main] c.SchoolBack.SchoolBackApplicationTests  : Started SchoolBackApplicationTests in 6.021 seconds (process running for 7.01)
]]></system-out>
  </testcase>
</testsuite>